2023-07-30 09:51:27,755 INFO    StreamThr :25464 [internal.py:wandb_internal():86] W&B internal server running at pid: 25464, started at: 2023-07-30 09:51:27.755535
2023-07-30 09:51:27,758 DEBUG   HandlerThread:25464 [handler.py:handle_request():144] handle_request: status
2023-07-30 09:51:27,760 INFO    WriterThread:25464 [datastore.py:open_for_write():85] open: C:\Users\dhpng\summer_projects\Mario_RL\wandb\run-20230730_095127-u4ggt1ee\run-u4ggt1ee.wandb
2023-07-30 09:51:27,766 DEBUG   SenderThread:25464 [sender.py:send():369] send: header
2023-07-30 09:51:27,814 DEBUG   SenderThread:25464 [sender.py:send():369] send: run
2023-07-30 09:51:28,548 INFO    SenderThread:25464 [dir_watcher.py:__init__():211] watching files in: C:\Users\dhpng\summer_projects\Mario_RL\wandb\run-20230730_095127-u4ggt1ee\files
2023-07-30 09:51:28,548 INFO    SenderThread:25464 [sender.py:_start_run_threads():1100] run started: u4ggt1ee with start time 1690735887.755534
2023-07-30 09:51:28,548 DEBUG   SenderThread:25464 [sender.py:send_request():396] send_request: summary_record
2023-07-30 09:51:28,549 INFO    SenderThread:25464 [sender.py:_save_file():1354] saving file wandb-summary.json with policy end
2023-07-30 09:51:28,560 DEBUG   HandlerThread:25464 [handler.py:handle_request():144] handle_request: check_version
2023-07-30 09:51:28,560 DEBUG   SenderThread:25464 [sender.py:send_request():396] send_request: check_version
2023-07-30 09:51:29,101 DEBUG   HandlerThread:25464 [handler.py:handle_request():144] handle_request: run_start
2023-07-30 09:51:29,121 DEBUG   HandlerThread:25464 [system_info.py:__init__():31] System info init
2023-07-30 09:51:29,121 DEBUG   HandlerThread:25464 [system_info.py:__init__():46] System info init done
2023-07-30 09:51:29,121 INFO    HandlerThread:25464 [system_monitor.py:start():181] Starting system monitor
2023-07-30 09:51:29,122 INFO    SystemMonitor:25464 [system_monitor.py:_start():145] Starting system asset monitoring threads
2023-07-30 09:51:29,122 INFO    HandlerThread:25464 [system_monitor.py:probe():201] Collecting system info
2023-07-30 09:51:29,129 INFO    SystemMonitor:25464 [interfaces.py:start():190] Started cpu monitoring
2023-07-30 09:51:29,129 INFO    SystemMonitor:25464 [interfaces.py:start():190] Started disk monitoring
2023-07-30 09:51:29,130 INFO    SystemMonitor:25464 [interfaces.py:start():190] Started gpu monitoring
2023-07-30 09:51:29,131 INFO    SystemMonitor:25464 [interfaces.py:start():190] Started memory monitoring
2023-07-30 09:51:29,140 INFO    SystemMonitor:25464 [interfaces.py:start():190] Started network monitoring
2023-07-30 09:51:29,145 DEBUG   HandlerThread:25464 [system_info.py:probe():195] Probing system
2023-07-30 09:51:29,146 DEBUG   HandlerThread:25464 [system_info.py:_probe_git():180] Probing git
2023-07-30 09:51:29,244 DEBUG   HandlerThread:25464 [system_info.py:_probe_git():188] Probing git done
2023-07-30 09:51:29,244 DEBUG   HandlerThread:25464 [system_info.py:probe():240] Probing system done
2023-07-30 09:51:29,245 DEBUG   HandlerThread:25464 [system_monitor.py:probe():210] {'os': 'Windows-10-10.0.22621-SP0', 'python': '3.11.3', 'heartbeatAt': '2023-07-30T16:51:29.145822', 'startedAt': '2023-07-30T16:51:27.740674', 'docker': None, 'cuda': None, 'args': (), 'state': 'running', 'program': 'C:\\Users\\dhpng\\summer_projects\\Mario_RL\\main.py', 'codePath': 'main.py', 'git': {'remote': 'https://github.com/darrenhoang12/Mario_RL.git', 'commit': '3f86b6a26aae50453516870647be8e0a47cbeb66'}, 'email': 'darrenhoang12@gmail.com', 'root': 'C:/Users/dhpng/summer_projects/Mario_RL', 'host': 'DESKTOP-I8A6QH7', 'username': 'dhpng', 'executable': 'C:\\Users\\dhpng\\anaconda3\\envs\\mario_gpu\\python.exe', 'cpu_count': 6, 'cpu_count_logical': 12, 'cpu_freq': {'current': 3400.0, 'min': 0.0, 'max': 3400.0}, 'cpu_freq_per_core': [{'current': 3400.0, 'min': 0.0, 'max': 3400.0}], 'disk': {'total': 464.42187118530273, 'used': 354.0892448425293}, 'gpu': 'NVIDIA GeForce GTX 1660 SUPER', 'gpu_count': 1, 'gpu_devices': [{'name': 'NVIDIA GeForce GTX 1660 SUPER', 'memory_total': 6442450944}], 'memory': {'total': 15.932750701904297}}
2023-07-30 09:51:29,245 INFO    HandlerThread:25464 [system_monitor.py:probe():211] Finished collecting system info
2023-07-30 09:51:29,245 INFO    HandlerThread:25464 [system_monitor.py:probe():214] Publishing system info
2023-07-30 09:51:29,245 DEBUG   HandlerThread:25464 [system_info.py:_save_pip():51] Saving list of pip packages installed into the current environment
2023-07-30 09:51:29,246 DEBUG   HandlerThread:25464 [system_info.py:_save_pip():67] Saving pip packages done
2023-07-30 09:51:29,247 DEBUG   HandlerThread:25464 [system_info.py:_save_conda():74] Saving list of conda packages installed into the current environment
2023-07-30 09:51:29,564 INFO    Thread-16 :25464 [dir_watcher.py:_on_file_created():272] file/dir created: C:\Users\dhpng\summer_projects\Mario_RL\wandb\run-20230730_095127-u4ggt1ee\files\requirements.txt
2023-07-30 09:51:29,565 INFO    Thread-16 :25464 [dir_watcher.py:_on_file_created():272] file/dir created: C:\Users\dhpng\summer_projects\Mario_RL\wandb\run-20230730_095127-u4ggt1ee\files\conda-environment.yaml
2023-07-30 09:51:29,565 INFO    Thread-16 :25464 [dir_watcher.py:_on_file_created():272] file/dir created: C:\Users\dhpng\summer_projects\Mario_RL\wandb\run-20230730_095127-u4ggt1ee\files\wandb-summary.json
2023-07-30 09:51:37,595 DEBUG   HandlerThread:25464 [system_info.py:_save_conda():86] Saving conda packages done
2023-07-30 09:51:37,596 INFO    HandlerThread:25464 [system_monitor.py:probe():216] Finished publishing system info
2023-07-30 09:51:37,611 DEBUG   HandlerThread:25464 [handler.py:handle_request():144] handle_request: status_report
2023-07-30 09:51:37,612 DEBUG   HandlerThread:25464 [handler.py:handle_request():144] handle_request: keepalive
2023-07-30 09:51:37,612 DEBUG   SenderThread:25464 [sender.py:send():369] send: files
2023-07-30 09:51:37,612 INFO    SenderThread:25464 [sender.py:_save_file():1354] saving file wandb-metadata.json with policy now
2023-07-30 09:51:37,627 DEBUG   HandlerThread:25464 [handler.py:handle_request():144] handle_request: stop_status
2023-07-30 09:51:37,628 DEBUG   SenderThread:25464 [sender.py:send_request():396] send_request: stop_status
2023-07-30 09:51:37,645 INFO    Thread-16 :25464 [dir_watcher.py:_on_file_modified():289] file/dir modified: C:\Users\dhpng\summer_projects\Mario_RL\wandb\run-20230730_095127-u4ggt1ee\files\conda-environment.yaml
2023-07-30 09:51:37,646 INFO    Thread-16 :25464 [dir_watcher.py:_on_file_created():272] file/dir created: C:\Users\dhpng\summer_projects\Mario_RL\wandb\run-20230730_095127-u4ggt1ee\files\wandb-metadata.json
2023-07-30 09:51:38,292 DEBUG   SenderThread:25464 [sender.py:send():369] send: telemetry
2023-07-30 09:51:38,292 DEBUG   HandlerThread:25464 [handler.py:handle_request():144] handle_request: status_report
2023-07-30 09:51:38,520 INFO    wandb-upload_0:25464 [upload_job.py:push():133] Uploaded file C:\Users\dhpng\AppData\Local\Temp\tmp6h1blwu0wandb\7zhy0pws-wandb-metadata.json
2023-07-30 09:51:41,691 INFO    Thread-16 :25464 [dir_watcher.py:_on_file_created():272] file/dir created: C:\Users\dhpng\summer_projects\Mario_RL\wandb\run-20230730_095127-u4ggt1ee\files\output.log
2023-07-30 09:51:43,447 DEBUG   HandlerThread:25464 [handler.py:handle_request():144] handle_request: status_report
2023-07-30 09:51:43,712 INFO    Thread-16 :25464 [dir_watcher.py:_on_file_modified():289] file/dir modified: C:\Users\dhpng\summer_projects\Mario_RL\wandb\run-20230730_095127-u4ggt1ee\files\output.log
2023-07-30 09:51:48,507 DEBUG   HandlerThread:25464 [handler.py:handle_request():144] handle_request: status_report
2023-07-30 09:51:52,632 DEBUG   HandlerThread:25464 [handler.py:handle_request():144] handle_request: stop_status
2023-07-30 09:51:52,633 DEBUG   SenderThread:25464 [sender.py:send_request():396] send_request: stop_status
2023-07-30 09:51:53,805 DEBUG   HandlerThread:25464 [handler.py:handle_request():144] handle_request: status_report
2023-07-30 09:51:58,871 DEBUG   HandlerThread:25464 [handler.py:handle_request():144] handle_request: status_report
2023-07-30 09:51:59,913 INFO    Thread-16 :25464 [dir_watcher.py:_on_file_modified():289] file/dir modified: C:\Users\dhpng\summer_projects\Mario_RL\wandb\run-20230730_095127-u4ggt1ee\files\config.yaml
2023-07-30 09:52:04,033 DEBUG   HandlerThread:25464 [handler.py:handle_request():144] handle_request: status_report
2023-07-30 09:52:07,647 DEBUG   HandlerThread:25464 [handler.py:handle_request():144] handle_request: stop_status
2023-07-30 09:52:07,648 DEBUG   SenderThread:25464 [sender.py:send_request():396] send_request: stop_status
2023-07-30 09:52:08,985 DEBUG   SenderThread:25464 [sender.py:send():369] send: exit
2023-07-30 09:52:08,985 INFO    SenderThread:25464 [sender.py:send_exit():574] handling exit code: 255
2023-07-30 09:52:08,987 INFO    SenderThread:25464 [sender.py:send_exit():576] handling runtime: 39
2023-07-30 09:52:08,988 INFO    SenderThread:25464 [sender.py:_save_file():1354] saving file wandb-summary.json with policy end
2023-07-30 09:52:08,989 INFO    SenderThread:25464 [sender.py:send_exit():582] send defer
2023-07-30 09:52:08,990 DEBUG   HandlerThread:25464 [handler.py:handle_request():144] handle_request: defer
2023-07-30 09:52:08,990 INFO    HandlerThread:25464 [handler.py:handle_request_defer():170] handle defer: 0
2023-07-30 09:52:08,990 DEBUG   SenderThread:25464 [sender.py:send_request():396] send_request: defer
2023-07-30 09:52:08,990 INFO    SenderThread:25464 [sender.py:send_request_defer():598] handle sender defer: 0
2023-07-30 09:52:08,990 INFO    SenderThread:25464 [sender.py:transition_state():602] send defer: 1
2023-07-30 09:52:08,990 DEBUG   HandlerThread:25464 [handler.py:handle_request():144] handle_request: defer
2023-07-30 09:52:08,991 INFO    HandlerThread:25464 [handler.py:handle_request_defer():170] handle defer: 1
2023-07-30 09:52:08,991 DEBUG   SenderThread:25464 [sender.py:send_request():396] send_request: defer
2023-07-30 09:52:08,991 INFO    SenderThread:25464 [sender.py:send_request_defer():598] handle sender defer: 1
2023-07-30 09:52:08,991 INFO    SenderThread:25464 [sender.py:transition_state():602] send defer: 2
2023-07-30 09:52:08,991 DEBUG   HandlerThread:25464 [handler.py:handle_request():144] handle_request: defer
2023-07-30 09:52:08,991 INFO    HandlerThread:25464 [handler.py:handle_request_defer():170] handle defer: 2
2023-07-30 09:52:08,992 INFO    HandlerThread:25464 [system_monitor.py:finish():190] Stopping system monitor
2023-07-30 09:52:09,000 DEBUG   SystemMonitor:25464 [system_monitor.py:_start():159] Starting system metrics aggregation loop
2023-07-30 09:52:09,000 INFO    HandlerThread:25464 [interfaces.py:finish():202] Joined cpu monitor
2023-07-30 09:52:09,001 DEBUG   SystemMonitor:25464 [system_monitor.py:_start():166] Finished system metrics aggregation loop
2023-07-30 09:52:09,001 INFO    HandlerThread:25464 [interfaces.py:finish():202] Joined disk monitor
2023-07-30 09:52:09,001 DEBUG   SystemMonitor:25464 [system_monitor.py:_start():170] Publishing last batch of metrics
2023-07-30 09:52:09,026 INFO    Thread-16 :25464 [dir_watcher.py:_on_file_modified():289] file/dir modified: C:\Users\dhpng\summer_projects\Mario_RL\wandb\run-20230730_095127-u4ggt1ee\files\wandb-summary.json
2023-07-30 09:52:09,072 INFO    HandlerThread:25464 [interfaces.py:finish():202] Joined gpu monitor
2023-07-30 09:52:09,072 INFO    HandlerThread:25464 [interfaces.py:finish():202] Joined memory monitor
2023-07-30 09:52:09,072 INFO    HandlerThread:25464 [interfaces.py:finish():202] Joined network monitor
2023-07-30 09:52:09,072 DEBUG   SenderThread:25464 [sender.py:send_request():396] send_request: defer
2023-07-30 09:52:09,072 INFO    SenderThread:25464 [sender.py:send_request_defer():598] handle sender defer: 2
2023-07-30 09:52:09,072 INFO    SenderThread:25464 [sender.py:transition_state():602] send defer: 3
2023-07-30 09:52:09,072 DEBUG   SenderThread:25464 [sender.py:send():369] send: stats
2023-07-30 09:52:09,073 DEBUG   HandlerThread:25464 [handler.py:handle_request():144] handle_request: defer
2023-07-30 09:52:09,073 INFO    HandlerThread:25464 [handler.py:handle_request_defer():170] handle defer: 3
2023-07-30 09:52:09,073 DEBUG   HandlerThread:25464 [handler.py:handle_request():144] handle_request: status_report
2023-07-30 09:52:09,073 DEBUG   SenderThread:25464 [sender.py:send_request():396] send_request: defer
2023-07-30 09:52:09,073 INFO    SenderThread:25464 [sender.py:send_request_defer():598] handle sender defer: 3
2023-07-30 09:52:09,073 INFO    SenderThread:25464 [sender.py:transition_state():602] send defer: 4
2023-07-30 09:52:09,074 DEBUG   HandlerThread:25464 [handler.py:handle_request():144] handle_request: defer
2023-07-30 09:52:09,074 INFO    HandlerThread:25464 [handler.py:handle_request_defer():170] handle defer: 4
2023-07-30 09:52:09,074 DEBUG   SenderThread:25464 [sender.py:send_request():396] send_request: defer
2023-07-30 09:52:09,074 INFO    SenderThread:25464 [sender.py:send_request_defer():598] handle sender defer: 4
2023-07-30 09:52:09,074 INFO    SenderThread:25464 [sender.py:transition_state():602] send defer: 5
2023-07-30 09:52:09,074 DEBUG   HandlerThread:25464 [handler.py:handle_request():144] handle_request: defer
2023-07-30 09:52:09,074 INFO    HandlerThread:25464 [handler.py:handle_request_defer():170] handle defer: 5
2023-07-30 09:52:09,074 DEBUG   SenderThread:25464 [sender.py:send():369] send: summary
2023-07-30 09:52:09,075 INFO    SenderThread:25464 [sender.py:_save_file():1354] saving file wandb-summary.json with policy end
2023-07-30 09:52:09,075 DEBUG   SenderThread:25464 [sender.py:send_request():396] send_request: defer
2023-07-30 09:52:09,076 INFO    SenderThread:25464 [sender.py:send_request_defer():598] handle sender defer: 5
2023-07-30 09:52:09,076 INFO    SenderThread:25464 [sender.py:transition_state():602] send defer: 6
2023-07-30 09:52:09,076 DEBUG   HandlerThread:25464 [handler.py:handle_request():144] handle_request: defer
2023-07-30 09:52:09,076 INFO    HandlerThread:25464 [handler.py:handle_request_defer():170] handle defer: 6
2023-07-30 09:52:09,076 DEBUG   SenderThread:25464 [sender.py:send_request():396] send_request: defer
2023-07-30 09:52:09,076 INFO    SenderThread:25464 [sender.py:send_request_defer():598] handle sender defer: 6
2023-07-30 09:52:09,076 INFO    SenderThread:25464 [sender.py:transition_state():602] send defer: 7
2023-07-30 09:52:09,076 DEBUG   HandlerThread:25464 [handler.py:handle_request():144] handle_request: status_report
2023-07-30 09:52:09,076 DEBUG   HandlerThread:25464 [handler.py:handle_request():144] handle_request: defer
2023-07-30 09:52:09,076 INFO    HandlerThread:25464 [handler.py:handle_request_defer():170] handle defer: 7
2023-07-30 09:52:09,076 DEBUG   SenderThread:25464 [sender.py:send_request():396] send_request: defer
2023-07-30 09:52:09,076 INFO    SenderThread:25464 [sender.py:send_request_defer():598] handle sender defer: 7
2023-07-30 09:52:10,034 DEBUG   HandlerThread:25464 [handler.py:handle_request():144] handle_request: poll_exit
2023-07-30 09:52:10,035 INFO    Thread-16 :25464 [dir_watcher.py:_on_file_modified():289] file/dir modified: C:\Users\dhpng\summer_projects\Mario_RL\wandb\run-20230730_095127-u4ggt1ee\files\wandb-summary.json
2023-07-30 09:52:11,442 INFO    SenderThread:25464 [sender.py:transition_state():602] send defer: 8
2023-07-30 09:52:11,442 DEBUG   SenderThread:25464 [sender.py:send_request():396] send_request: poll_exit
2023-07-30 09:52:11,444 DEBUG   HandlerThread:25464 [handler.py:handle_request():144] handle_request: defer
2023-07-30 09:52:11,444 INFO    HandlerThread:25464 [handler.py:handle_request_defer():170] handle defer: 8
2023-07-30 09:52:11,444 DEBUG   SenderThread:25464 [sender.py:send_request():396] send_request: defer
2023-07-30 09:52:11,444 INFO    SenderThread:25464 [sender.py:send_request_defer():598] handle sender defer: 8
2023-07-30 09:52:11,444 INFO    SenderThread:25464 [job_builder.py:build():232] Attempting to build job artifact
2023-07-30 09:52:11,444 INFO    SenderThread:25464 [job_builder.py:build():256] is repo sourced job
2023-07-30 09:52:11,452 INFO    SenderThread:25464 [job_builder.py:build():297] adding wandb-job metadata file
2023-07-30 09:52:11,457 INFO    SenderThread:25464 [sender.py:transition_state():602] send defer: 9
2023-07-30 09:52:11,457 DEBUG   HandlerThread:25464 [handler.py:handle_request():144] handle_request: defer
2023-07-30 09:52:11,457 DEBUG   SenderThread:25464 [sender.py:send():369] send: artifact
2023-07-30 09:52:11,457 INFO    HandlerThread:25464 [handler.py:handle_request_defer():170] handle defer: 9
2023-07-30 09:52:11,702 ERROR   SenderThread:25464 [internal_api.py:execute():323] 404 response executing GraphQL.
2023-07-30 09:52:11,702 ERROR   SenderThread:25464 [internal_api.py:execute():324] {"errors":[{"message":"failed to find entity cs175","path":["createArtifact"]}],"data":{"createArtifact":null}}
2023-07-30 09:52:11,703 ERROR   SenderThread:25464 [sender.py:send_artifact():1452] send_artifact: failed for artifact "job/job-https___github.com_darrenhoang12_Mario_RL.git_main.py": It appears that you do not have permission to access the requested resource. Please reach out to the project owner to grant you access. If you have the correct permissions, verify that there are no issues with your networking setup.(Error 404: Not Found)
2023-07-30 09:52:11,703 DEBUG   SenderThread:25464 [sender.py:send_request():396] send_request: defer
2023-07-30 09:52:11,703 INFO    SenderThread:25464 [sender.py:send_request_defer():598] handle sender defer: 9
2023-07-30 09:52:11,703 INFO    SenderThread:25464 [dir_watcher.py:finish():359] shutting down directory watcher
2023-07-30 09:52:12,045 INFO    SenderThread:25464 [dir_watcher.py:_on_file_modified():289] file/dir modified: C:\Users\dhpng\summer_projects\Mario_RL\wandb\run-20230730_095127-u4ggt1ee\files\output.log
2023-07-30 09:52:12,046 INFO    SenderThread:25464 [dir_watcher.py:finish():389] scan: C:\Users\dhpng\summer_projects\Mario_RL\wandb\run-20230730_095127-u4ggt1ee\files
2023-07-30 09:52:12,046 INFO    SenderThread:25464 [dir_watcher.py:finish():403] scan save: C:\Users\dhpng\summer_projects\Mario_RL\wandb\run-20230730_095127-u4ggt1ee\files\conda-environment.yaml conda-environment.yaml
2023-07-30 09:52:12,047 INFO    SenderThread:25464 [dir_watcher.py:finish():403] scan save: C:\Users\dhpng\summer_projects\Mario_RL\wandb\run-20230730_095127-u4ggt1ee\files\config.yaml config.yaml
2023-07-30 09:52:12,049 INFO    SenderThread:25464 [dir_watcher.py:finish():403] scan save: C:\Users\dhpng\summer_projects\Mario_RL\wandb\run-20230730_095127-u4ggt1ee\files\output.log output.log
2023-07-30 09:52:12,052 INFO    SenderThread:25464 [dir_watcher.py:finish():403] scan save: C:\Users\dhpng\summer_projects\Mario_RL\wandb\run-20230730_095127-u4ggt1ee\files\requirements.txt requirements.txt
2023-07-30 09:52:12,056 INFO    SenderThread:25464 [dir_watcher.py:finish():403] scan save: C:\Users\dhpng\summer_projects\Mario_RL\wandb\run-20230730_095127-u4ggt1ee\files\wandb-metadata.json wandb-metadata.json
2023-07-30 09:52:12,057 INFO    SenderThread:25464 [dir_watcher.py:finish():403] scan save: C:\Users\dhpng\summer_projects\Mario_RL\wandb\run-20230730_095127-u4ggt1ee\files\wandb-summary.json wandb-summary.json
2023-07-30 09:52:12,060 INFO    SenderThread:25464 [sender.py:transition_state():602] send defer: 10
2023-07-30 09:52:12,060 DEBUG   HandlerThread:25464 [handler.py:handle_request():144] handle_request: defer
2023-07-30 09:52:12,062 INFO    HandlerThread:25464 [handler.py:handle_request_defer():170] handle defer: 10
2023-07-30 09:52:12,063 DEBUG   SenderThread:25464 [sender.py:send_request():396] send_request: defer
2023-07-30 09:52:12,063 INFO    SenderThread:25464 [sender.py:send_request_defer():598] handle sender defer: 10
2023-07-30 09:52:12,063 INFO    SenderThread:25464 [file_pusher.py:finish():159] shutting down file pusher
2023-07-30 09:52:12,128 ERROR   Thread-15 (_thread_body):25464 [step_upload.py:_handle_event():200] Failed to upload file: C:\Users\dhpng\summer_projects\Mario_RL\wandb\run-20230730_095127-u4ggt1ee\files\conda-environment.yaml
Traceback (most recent call last):
  File "C:\Users\dhpng\anaconda3\envs\mario_gpu\Lib\site-packages\wandb\apis\normalize.py", line 41, in wrapper
    return func(*args, **kwargs)
           ^^^^^^^^^^^^^^^^^^^^^
  File "C:\Users\dhpng\anaconda3\envs\mario_gpu\Lib\site-packages\wandb\sdk\internal\internal_api.py", line 1896, in upload_urls
    run_obj = query_result["model"]["bucket"]
              ~~~~~~~~~~~~~~~~~~~~~^^^^^^^^^^
TypeError: 'NoneType' object is not subscriptable

During handling of the above exception, another exception occurred:

Traceback (most recent call last):
  File "C:\Users\dhpng\anaconda3\envs\mario_gpu\Lib\concurrent\futures\thread.py", line 58, in run
    result = self.fn(*self.args, **self.kwargs)
             ^^^^^^^^^^^^^^^^^^^^^^^^^^^^^^^^^^
  File "C:\Users\dhpng\anaconda3\envs\mario_gpu\Lib\site-packages\wandb\filesync\step_upload.py", line 288, in run_and_notify
    self._do_upload_sync(event)
  File "C:\Users\dhpng\anaconda3\envs\mario_gpu\Lib\site-packages\wandb\filesync\step_upload.py", line 330, in _do_upload_sync
    job.run()
  File "C:\Users\dhpng\anaconda3\envs\mario_gpu\Lib\site-packages\wandb\filesync\upload_job.py", line 57, in run
    self.push()
  File "C:\Users\dhpng\anaconda3\envs\mario_gpu\Lib\site-packages\wandb\filesync\upload_job.py", line 108, in push
    _, upload_headers, result = self._api.upload_urls(project, [self.save_name])
                                ^^^^^^^^^^^^^^^^^^^^^^^^^^^^^^^^^^^^^^^^^^^^^^^^
  File "C:\Users\dhpng\anaconda3\envs\mario_gpu\Lib\site-packages\wandb\apis\normalize.py", line 87, in wrapper
    raise CommError(message, err).with_traceback(sys.exc_info()[2])
  File "C:\Users\dhpng\anaconda3\envs\mario_gpu\Lib\site-packages\wandb\apis\normalize.py", line 41, in wrapper
    return func(*args, **kwargs)
           ^^^^^^^^^^^^^^^^^^^^^
  File "C:\Users\dhpng\anaconda3\envs\mario_gpu\Lib\site-packages\wandb\sdk\internal\internal_api.py", line 1896, in upload_urls
    run_obj = query_result["model"]["bucket"]
              ~~~~~~~~~~~~~~~~~~~~~^^^^^^^^^^
wandb.errors.CommError: 'NoneType' object is not subscriptable
2023-07-30 09:52:12,136 ERROR   Thread-15 (_thread_body):25464 [step_upload.py:_handle_event():200] Failed to upload file: C:\Users\dhpng\summer_projects\Mario_RL\wandb\run-20230730_095127-u4ggt1ee\files\config.yaml
Traceback (most recent call last):
  File "C:\Users\dhpng\anaconda3\envs\mario_gpu\Lib\site-packages\wandb\apis\normalize.py", line 41, in wrapper
    return func(*args, **kwargs)
           ^^^^^^^^^^^^^^^^^^^^^
  File "C:\Users\dhpng\anaconda3\envs\mario_gpu\Lib\site-packages\wandb\sdk\internal\internal_api.py", line 1896, in upload_urls
    run_obj = query_result["model"]["bucket"]
              ~~~~~~~~~~~~~~~~~~~~~^^^^^^^^^^
TypeError: 'NoneType' object is not subscriptable

During handling of the above exception, another exception occurred:

Traceback (most recent call last):
  File "C:\Users\dhpng\anaconda3\envs\mario_gpu\Lib\concurrent\futures\thread.py", line 58, in run
    result = self.fn(*self.args, **self.kwargs)
             ^^^^^^^^^^^^^^^^^^^^^^^^^^^^^^^^^^
  File "C:\Users\dhpng\anaconda3\envs\mario_gpu\Lib\site-packages\wandb\filesync\step_upload.py", line 288, in run_and_notify
    self._do_upload_sync(event)
  File "C:\Users\dhpng\anaconda3\envs\mario_gpu\Lib\site-packages\wandb\filesync\step_upload.py", line 330, in _do_upload_sync
    job.run()
  File "C:\Users\dhpng\anaconda3\envs\mario_gpu\Lib\site-packages\wandb\filesync\upload_job.py", line 57, in run
    self.push()
  File "C:\Users\dhpng\anaconda3\envs\mario_gpu\Lib\site-packages\wandb\filesync\upload_job.py", line 108, in push
    _, upload_headers, result = self._api.upload_urls(project, [self.save_name])
                                ^^^^^^^^^^^^^^^^^^^^^^^^^^^^^^^^^^^^^^^^^^^^^^^^
  File "C:\Users\dhpng\anaconda3\envs\mario_gpu\Lib\site-packages\wandb\apis\normalize.py", line 87, in wrapper
    raise CommError(message, err).with_traceback(sys.exc_info()[2])
  File "C:\Users\dhpng\anaconda3\envs\mario_gpu\Lib\site-packages\wandb\apis\normalize.py", line 41, in wrapper
    return func(*args, **kwargs)
           ^^^^^^^^^^^^^^^^^^^^^
  File "C:\Users\dhpng\anaconda3\envs\mario_gpu\Lib\site-packages\wandb\sdk\internal\internal_api.py", line 1896, in upload_urls
    run_obj = query_result["model"]["bucket"]
              ~~~~~~~~~~~~~~~~~~~~~^^^^^^^^^^
wandb.errors.CommError: 'NoneType' object is not subscriptable
2023-07-30 09:52:12,767 ERROR   Thread-15 (_thread_body):25464 [step_upload.py:_handle_event():200] Failed to upload file: C:\Users\dhpng\summer_projects\Mario_RL\wandb\run-20230730_095127-u4ggt1ee\files\requirements.txt
Traceback (most recent call last):
  File "C:\Users\dhpng\anaconda3\envs\mario_gpu\Lib\site-packages\wandb\apis\normalize.py", line 41, in wrapper
    return func(*args, **kwargs)
           ^^^^^^^^^^^^^^^^^^^^^
  File "C:\Users\dhpng\anaconda3\envs\mario_gpu\Lib\site-packages\wandb\sdk\internal\internal_api.py", line 1896, in upload_urls
    run_obj = query_result["model"]["bucket"]
              ~~~~~~~~~~~~~~~~~~~~~^^^^^^^^^^
TypeError: 'NoneType' object is not subscriptable

During handling of the above exception, another exception occurred:

Traceback (most recent call last):
  File "C:\Users\dhpng\anaconda3\envs\mario_gpu\Lib\concurrent\futures\thread.py", line 58, in run
    result = self.fn(*self.args, **self.kwargs)
             ^^^^^^^^^^^^^^^^^^^^^^^^^^^^^^^^^^
  File "C:\Users\dhpng\anaconda3\envs\mario_gpu\Lib\site-packages\wandb\filesync\step_upload.py", line 288, in run_and_notify
    self._do_upload_sync(event)
  File "C:\Users\dhpng\anaconda3\envs\mario_gpu\Lib\site-packages\wandb\filesync\step_upload.py", line 330, in _do_upload_sync
    job.run()
  File "C:\Users\dhpng\anaconda3\envs\mario_gpu\Lib\site-packages\wandb\filesync\upload_job.py", line 57, in run
    self.push()
  File "C:\Users\dhpng\anaconda3\envs\mario_gpu\Lib\site-packages\wandb\filesync\upload_job.py", line 108, in push
    _, upload_headers, result = self._api.upload_urls(project, [self.save_name])
                                ^^^^^^^^^^^^^^^^^^^^^^^^^^^^^^^^^^^^^^^^^^^^^^^^
  File "C:\Users\dhpng\anaconda3\envs\mario_gpu\Lib\site-packages\wandb\apis\normalize.py", line 87, in wrapper
    raise CommError(message, err).with_traceback(sys.exc_info()[2])
  File "C:\Users\dhpng\anaconda3\envs\mario_gpu\Lib\site-packages\wandb\apis\normalize.py", line 41, in wrapper
    return func(*args, **kwargs)
           ^^^^^^^^^^^^^^^^^^^^^
  File "C:\Users\dhpng\anaconda3\envs\mario_gpu\Lib\site-packages\wandb\sdk\internal\internal_api.py", line 1896, in upload_urls
    run_obj = query_result["model"]["bucket"]
              ~~~~~~~~~~~~~~~~~~~~~^^^^^^^^^^
wandb.errors.CommError: 'NoneType' object is not subscriptable
2023-07-30 09:52:12,771 ERROR   Thread-15 (_thread_body):25464 [step_upload.py:_handle_event():200] Failed to upload file: C:\Users\dhpng\summer_projects\Mario_RL\wandb\run-20230730_095127-u4ggt1ee\files\output.log
Traceback (most recent call last):
  File "C:\Users\dhpng\anaconda3\envs\mario_gpu\Lib\site-packages\wandb\apis\normalize.py", line 41, in wrapper
    return func(*args, **kwargs)
           ^^^^^^^^^^^^^^^^^^^^^
  File "C:\Users\dhpng\anaconda3\envs\mario_gpu\Lib\site-packages\wandb\sdk\internal\internal_api.py", line 1896, in upload_urls
    run_obj = query_result["model"]["bucket"]
              ~~~~~~~~~~~~~~~~~~~~~^^^^^^^^^^
TypeError: 'NoneType' object is not subscriptable

During handling of the above exception, another exception occurred:

Traceback (most recent call last):
  File "C:\Users\dhpng\anaconda3\envs\mario_gpu\Lib\concurrent\futures\thread.py", line 58, in run
    result = self.fn(*self.args, **self.kwargs)
             ^^^^^^^^^^^^^^^^^^^^^^^^^^^^^^^^^^
  File "C:\Users\dhpng\anaconda3\envs\mario_gpu\Lib\site-packages\wandb\filesync\step_upload.py", line 288, in run_and_notify
    self._do_upload_sync(event)
  File "C:\Users\dhpng\anaconda3\envs\mario_gpu\Lib\site-packages\wandb\filesync\step_upload.py", line 330, in _do_upload_sync
    job.run()
  File "C:\Users\dhpng\anaconda3\envs\mario_gpu\Lib\site-packages\wandb\filesync\upload_job.py", line 57, in run
    self.push()
  File "C:\Users\dhpng\anaconda3\envs\mario_gpu\Lib\site-packages\wandb\filesync\upload_job.py", line 108, in push
    _, upload_headers, result = self._api.upload_urls(project, [self.save_name])
                                ^^^^^^^^^^^^^^^^^^^^^^^^^^^^^^^^^^^^^^^^^^^^^^^^
  File "C:\Users\dhpng\anaconda3\envs\mario_gpu\Lib\site-packages\wandb\apis\normalize.py", line 87, in wrapper
    raise CommError(message, err).with_traceback(sys.exc_info()[2])
  File "C:\Users\dhpng\anaconda3\envs\mario_gpu\Lib\site-packages\wandb\apis\normalize.py", line 41, in wrapper
    return func(*args, **kwargs)
           ^^^^^^^^^^^^^^^^^^^^^
  File "C:\Users\dhpng\anaconda3\envs\mario_gpu\Lib\site-packages\wandb\sdk\internal\internal_api.py", line 1896, in upload_urls
    run_obj = query_result["model"]["bucket"]
              ~~~~~~~~~~~~~~~~~~~~~^^^^^^^^^^
wandb.errors.CommError: 'NoneType' object is not subscriptable
2023-07-30 09:52:12,775 ERROR   Thread-15 (_thread_body):25464 [step_upload.py:_handle_event():200] Failed to upload file: C:\Users\dhpng\summer_projects\Mario_RL\wandb\run-20230730_095127-u4ggt1ee\files\wandb-summary.json
Traceback (most recent call last):
  File "C:\Users\dhpng\anaconda3\envs\mario_gpu\Lib\site-packages\wandb\apis\normalize.py", line 41, in wrapper
    return func(*args, **kwargs)
           ^^^^^^^^^^^^^^^^^^^^^
  File "C:\Users\dhpng\anaconda3\envs\mario_gpu\Lib\site-packages\wandb\sdk\internal\internal_api.py", line 1896, in upload_urls
    run_obj = query_result["model"]["bucket"]
              ~~~~~~~~~~~~~~~~~~~~~^^^^^^^^^^
TypeError: 'NoneType' object is not subscriptable

During handling of the above exception, another exception occurred:

Traceback (most recent call last):
  File "C:\Users\dhpng\anaconda3\envs\mario_gpu\Lib\concurrent\futures\thread.py", line 58, in run
    result = self.fn(*self.args, **self.kwargs)
             ^^^^^^^^^^^^^^^^^^^^^^^^^^^^^^^^^^
  File "C:\Users\dhpng\anaconda3\envs\mario_gpu\Lib\site-packages\wandb\filesync\step_upload.py", line 288, in run_and_notify
    self._do_upload_sync(event)
  File "C:\Users\dhpng\anaconda3\envs\mario_gpu\Lib\site-packages\wandb\filesync\step_upload.py", line 330, in _do_upload_sync
    job.run()
  File "C:\Users\dhpng\anaconda3\envs\mario_gpu\Lib\site-packages\wandb\filesync\upload_job.py", line 57, in run
    self.push()
  File "C:\Users\dhpng\anaconda3\envs\mario_gpu\Lib\site-packages\wandb\filesync\upload_job.py", line 108, in push
    _, upload_headers, result = self._api.upload_urls(project, [self.save_name])
                                ^^^^^^^^^^^^^^^^^^^^^^^^^^^^^^^^^^^^^^^^^^^^^^^^
  File "C:\Users\dhpng\anaconda3\envs\mario_gpu\Lib\site-packages\wandb\apis\normalize.py", line 87, in wrapper
    raise CommError(message, err).with_traceback(sys.exc_info()[2])
  File "C:\Users\dhpng\anaconda3\envs\mario_gpu\Lib\site-packages\wandb\apis\normalize.py", line 41, in wrapper
    return func(*args, **kwargs)
           ^^^^^^^^^^^^^^^^^^^^^
  File "C:\Users\dhpng\anaconda3\envs\mario_gpu\Lib\site-packages\wandb\sdk\internal\internal_api.py", line 1896, in upload_urls
    run_obj = query_result["model"]["bucket"]
              ~~~~~~~~~~~~~~~~~~~~~^^^^^^^^^^
wandb.errors.CommError: 'NoneType' object is not subscriptable
2023-07-30 09:52:12,980 INFO    Thread-15 (_thread_body):25464 [sender.py:transition_state():602] send defer: 11
2023-07-30 09:52:12,981 DEBUG   HandlerThread:25464 [handler.py:handle_request():144] handle_request: defer
2023-07-30 09:52:12,981 INFO    HandlerThread:25464 [handler.py:handle_request_defer():170] handle defer: 11
2023-07-30 09:52:12,981 DEBUG   SenderThread:25464 [sender.py:send_request():396] send_request: defer
2023-07-30 09:52:12,981 INFO    SenderThread:25464 [sender.py:send_request_defer():598] handle sender defer: 11
2023-07-30 09:52:12,981 INFO    SenderThread:25464 [file_pusher.py:join():164] waiting for file pusher
2023-07-30 09:52:12,982 INFO    SenderThread:25464 [sender.py:transition_state():602] send defer: 12
2023-07-30 09:52:12,982 DEBUG   HandlerThread:25464 [handler.py:handle_request():144] handle_request: defer
2023-07-30 09:52:12,982 INFO    HandlerThread:25464 [handler.py:handle_request_defer():170] handle defer: 12
2023-07-30 09:52:12,982 DEBUG   SenderThread:25464 [sender.py:send_request():396] send_request: defer
2023-07-30 09:52:12,982 INFO    SenderThread:25464 [sender.py:send_request_defer():598] handle sender defer: 12
2023-07-30 09:52:13,121 INFO    SenderThread:25464 [sender.py:transition_state():602] send defer: 13
2023-07-30 09:52:13,121 DEBUG   HandlerThread:25464 [handler.py:handle_request():144] handle_request: defer
2023-07-30 09:52:13,121 INFO    HandlerThread:25464 [handler.py:handle_request_defer():170] handle defer: 13
2023-07-30 09:52:13,122 DEBUG   SenderThread:25464 [sender.py:send_request():396] send_request: defer
2023-07-30 09:52:13,122 INFO    SenderThread:25464 [sender.py:send_request_defer():598] handle sender defer: 13
2023-07-30 09:52:13,122 INFO    SenderThread:25464 [sender.py:transition_state():602] send defer: 14
2023-07-30 09:52:13,122 DEBUG   HandlerThread:25464 [handler.py:handle_request():144] handle_request: defer
2023-07-30 09:52:13,122 DEBUG   SenderThread:25464 [sender.py:send():369] send: final
2023-07-30 09:52:13,122 INFO    HandlerThread:25464 [handler.py:handle_request_defer():170] handle defer: 14
2023-07-30 09:52:13,122 DEBUG   SenderThread:25464 [sender.py:send():369] send: footer
2023-07-30 09:52:13,123 DEBUG   SenderThread:25464 [sender.py:send_request():396] send_request: defer
2023-07-30 09:52:13,123 INFO    SenderThread:25464 [sender.py:send_request_defer():598] handle sender defer: 14
2023-07-30 09:52:13,123 DEBUG   HandlerThread:25464 [handler.py:handle_request():144] handle_request: poll_exit
2023-07-30 09:52:13,123 DEBUG   HandlerThread:25464 [handler.py:handle_request():144] handle_request: server_info
2023-07-30 09:52:13,124 DEBUG   HandlerThread:25464 [handler.py:handle_request():144] handle_request: get_summary
2023-07-30 09:52:13,124 DEBUG   SenderThread:25464 [sender.py:send_request():396] send_request: poll_exit
2023-07-30 09:52:13,124 DEBUG   HandlerThread:25464 [handler.py:handle_request():144] handle_request: sampled_history
2023-07-30 09:52:13,124 DEBUG   SenderThread:25464 [sender.py:send_request():396] send_request: server_info
2023-07-30 09:52:13,201 INFO    MainThread:25464 [wandb_run.py:_footer_history_summary_info():3467] rendering history
2023-07-30 09:52:13,201 INFO    MainThread:25464 [wandb_run.py:_footer_history_summary_info():3499] rendering summary
2023-07-30 09:52:13,201 INFO    MainThread:25464 [wandb_run.py:_footer_sync_info():3426] logging synced files
2023-07-30 09:52:13,202 DEBUG   HandlerThread:25464 [handler.py:handle_request():144] handle_request: shutdown
2023-07-30 09:52:13,202 INFO    HandlerThread:25464 [handler.py:finish():854] shutting down handler
2023-07-30 09:52:14,130 INFO    WriterThread:25464 [datastore.py:close():298] close: C:\Users\dhpng\summer_projects\Mario_RL\wandb\run-20230730_095127-u4ggt1ee\run-u4ggt1ee.wandb
2023-07-30 09:52:14,209 INFO    SenderThread:25464 [sender.py:finish():1526] shutting down sender
2023-07-30 09:52:14,209 INFO    SenderThread:25464 [file_pusher.py:finish():159] shutting down file pusher
2023-07-30 09:52:14,209 INFO    SenderThread:25464 [file_pusher.py:join():164] waiting for file pusher
